mode: atomic
github.com/mirceanton/external-dns-provider-mikrotik/internal/configuration/configuration.go:21.20,23.40 2 2
github.com/mirceanton/external-dns-provider-mikrotik/internal/configuration/configuration.go:23.40,25.3 1 0
github.com/mirceanton/external-dns-provider-mikrotik/internal/configuration/configuration.go:26.2,26.12 1 2
github.com/mirceanton/external-dns-provider-mikrotik/internal/logging/logging.go:10.13,13.2 2 1
github.com/mirceanton/external-dns-provider-mikrotik/internal/logging/logging.go:15.21,18.33 2 8
github.com/mirceanton/external-dns-provider-mikrotik/internal/logging/logging.go:19.14,20.41 1 3
github.com/mirceanton/external-dns-provider-mikrotik/internal/logging/logging.go:21.14,22.41 1 4
github.com/mirceanton/external-dns-provider-mikrotik/internal/logging/logging.go:24.10,26.45 2 1
github.com/mirceanton/external-dns-provider-mikrotik/internal/logging/logging.go:30.20,33.32 2 14
github.com/mirceanton/external-dns-provider-mikrotik/internal/logging/logging.go:34.15,35.31 1 4
github.com/mirceanton/external-dns-provider-mikrotik/internal/logging/logging.go:36.14,37.30 1 3
github.com/mirceanton/external-dns-provider-mikrotik/internal/logging/logging.go:38.14,39.30 1 3
github.com/mirceanton/external-dns-provider-mikrotik/internal/logging/logging.go:40.15,41.31 1 3
github.com/mirceanton/external-dns-provider-mikrotik/internal/logging/logging.go:43.10,45.30 2 1
github.com/mirceanton/external-dns-provider-mikrotik/internal/mikrotik/client.go:64.114,68.16 3 26
github.com/mirceanton/external-dns-provider-mikrotik/internal/mikrotik/client.go:68.16,71.3 2 0
github.com/mirceanton/external-dns-provider-mikrotik/internal/mikrotik/client.go:73.2,86.20 2 26
github.com/mirceanton/external-dns-provider-mikrotik/internal/mikrotik/client.go:90.74,95.16 3 5
github.com/mirceanton/external-dns-provider-mikrotik/internal/mikrotik/client.go:95.16,98.3 2 4
github.com/mirceanton/external-dns-provider-mikrotik/internal/mikrotik/client.go:99.2,103.64 3 1
github.com/mirceanton/external-dns-provider-mikrotik/internal/mikrotik/client.go:103.64,106.3 2 0
github.com/mirceanton/external-dns-provider-mikrotik/internal/mikrotik/client.go:107.2,109.19 2 1
github.com/mirceanton/external-dns-provider-mikrotik/internal/mikrotik/client.go:113.94,118.16 3 12
github.com/mirceanton/external-dns-provider-mikrotik/internal/mikrotik/client.go:118.16,121.3 2 7
github.com/mirceanton/external-dns-provider-mikrotik/internal/mikrotik/client.go:124.2,125.16 2 5
github.com/mirceanton/external-dns-provider-mikrotik/internal/mikrotik/client.go:125.16,128.3 2 0
github.com/mirceanton/external-dns-provider-mikrotik/internal/mikrotik/client.go:131.2,132.16 2 5
github.com/mirceanton/external-dns-provider-mikrotik/internal/mikrotik/client.go:132.16,135.3 2 1
github.com/mirceanton/external-dns-provider-mikrotik/internal/mikrotik/client.go:136.2,139.66 2 4
github.com/mirceanton/external-dns-provider-mikrotik/internal/mikrotik/client.go:139.66,142.3 2 0
github.com/mirceanton/external-dns-provider-mikrotik/internal/mikrotik/client.go:143.2,145.20 2 4
github.com/mirceanton/external-dns-provider-mikrotik/internal/mikrotik/client.go:149.69,154.16 3 2
github.com/mirceanton/external-dns-provider-mikrotik/internal/mikrotik/client.go:154.16,157.3 2 0
github.com/mirceanton/external-dns-provider-mikrotik/internal/mikrotik/client.go:158.2,162.67 3 2
github.com/mirceanton/external-dns-provider-mikrotik/internal/mikrotik/client.go:162.67,165.3 2 0
github.com/mirceanton/external-dns-provider-mikrotik/internal/mikrotik/client.go:166.2,168.21 2 2
github.com/mirceanton/external-dns-provider-mikrotik/internal/mikrotik/client.go:172.80,177.16 3 6
github.com/mirceanton/external-dns-provider-mikrotik/internal/mikrotik/client.go:177.16,180.3 2 0
github.com/mirceanton/external-dns-provider-mikrotik/internal/mikrotik/client.go:183.2,184.16 2 6
github.com/mirceanton/external-dns-provider-mikrotik/internal/mikrotik/client.go:184.16,187.3 2 2
github.com/mirceanton/external-dns-provider-mikrotik/internal/mikrotik/client.go:188.2,191.12 3 4
github.com/mirceanton/external-dns-provider-mikrotik/internal/mikrotik/client.go:195.89,199.23 3 6
github.com/mirceanton/external-dns-provider-mikrotik/internal/mikrotik/client.go:199.23,201.3 1 3
github.com/mirceanton/external-dns-provider-mikrotik/internal/mikrotik/client.go:202.2,206.16 3 6
github.com/mirceanton/external-dns-provider-mikrotik/internal/mikrotik/client.go:206.16,208.3 1 0
github.com/mirceanton/external-dns-provider-mikrotik/internal/mikrotik/client.go:209.2,213.66 3 6
github.com/mirceanton/external-dns-provider-mikrotik/internal/mikrotik/client.go:213.66,216.3 2 0
github.com/mirceanton/external-dns-provider-mikrotik/internal/mikrotik/client.go:217.2,217.22 1 6
github.com/mirceanton/external-dns-provider-mikrotik/internal/mikrotik/client.go:217.22,219.3 1 0
github.com/mirceanton/external-dns-provider-mikrotik/internal/mikrotik/client.go:221.2,223.24 2 6
github.com/mirceanton/external-dns-provider-mikrotik/internal/mikrotik/client.go:227.100,232.16 4 24
github.com/mirceanton/external-dns-provider-mikrotik/internal/mikrotik/client.go:232.16,235.3 2 0
github.com/mirceanton/external-dns-provider-mikrotik/internal/mikrotik/client.go:237.2,240.16 3 24
github.com/mirceanton/external-dns-provider-mikrotik/internal/mikrotik/client.go:240.16,243.3 2 0
github.com/mirceanton/external-dns-provider-mikrotik/internal/mikrotik/client.go:245.2,245.52 1 24
github.com/mirceanton/external-dns-provider-mikrotik/internal/mikrotik/client.go:245.52,249.3 3 7
github.com/mirceanton/external-dns-provider-mikrotik/internal/mikrotik/client.go:250.2,252.18 2 17
github.com/mirceanton/external-dns-provider-mikrotik/internal/mikrotik/provider.go:22.152,25.16 2 0
github.com/mirceanton/external-dns-provider-mikrotik/internal/mikrotik/provider.go:25.16,27.3 1 0
github.com/mirceanton/external-dns-provider-mikrotik/internal/mikrotik/provider.go:30.2,31.16 2 0
github.com/mirceanton/external-dns-provider-mikrotik/internal/mikrotik/provider.go:31.16,34.3 2 0
github.com/mirceanton/external-dns-provider-mikrotik/internal/mikrotik/provider.go:35.2,43.15 3 0
github.com/mirceanton/external-dns-provider-mikrotik/internal/mikrotik/provider.go:47.87,49.16 2 0
github.com/mirceanton/external-dns-provider-mikrotik/internal/mikrotik/provider.go:49.16,51.3 1 0
github.com/mirceanton/external-dns-provider-mikrotik/internal/mikrotik/provider.go:53.2,54.33 2 0
github.com/mirceanton/external-dns-provider-mikrotik/internal/mikrotik/provider.go:54.33,56.17 2 0
github.com/mirceanton/external-dns-provider-mikrotik/internal/mikrotik/provider.go:56.17,58.12 2 0
github.com/mirceanton/external-dns-provider-mikrotik/internal/mikrotik/provider.go:61.3,61.40 1 0
github.com/mirceanton/external-dns-provider-mikrotik/internal/mikrotik/provider.go:61.40,62.12 1 0
github.com/mirceanton/external-dns-provider-mikrotik/internal/mikrotik/provider.go:65.3,65.36 1 0
github.com/mirceanton/external-dns-provider-mikrotik/internal/mikrotik/provider.go:68.2,68.23 1 0
github.com/mirceanton/external-dns-provider-mikrotik/internal/mikrotik/provider.go:72.91,75.72 2 0
github.com/mirceanton/external-dns-provider-mikrotik/internal/mikrotik/provider.go:75.72,76.60 1 0
github.com/mirceanton/external-dns-provider-mikrotik/internal/mikrotik/provider.go:76.60,78.4 1 0
github.com/mirceanton/external-dns-provider-mikrotik/internal/mikrotik/provider.go:81.2,81.72 1 0
github.com/mirceanton/external-dns-provider-mikrotik/internal/mikrotik/provider.go:81.72,82.63 1 0
github.com/mirceanton/external-dns-provider-mikrotik/internal/mikrotik/provider.go:82.63,84.4 1 0
github.com/mirceanton/external-dns-provider-mikrotik/internal/mikrotik/provider.go:87.2,87.12 1 0
github.com/mirceanton/external-dns-provider-mikrotik/internal/mikrotik/provider.go:91.77,93.2 1 0
github.com/mirceanton/external-dns-provider-mikrotik/internal/mikrotik/provider.go:101.119,103.32 2 906
github.com/mirceanton/external-dns-provider-mikrotik/internal/mikrotik/provider.go:103.32,106.3 2 152
github.com/mirceanton/external-dns-provider-mikrotik/internal/mikrotik/provider.go:108.2,110.32 3 754
github.com/mirceanton/external-dns-provider-mikrotik/internal/mikrotik/provider.go:110.32,113.3 2 1
github.com/mirceanton/external-dns-provider-mikrotik/internal/mikrotik/provider.go:115.2,116.21 2 753
github.com/mirceanton/external-dns-provider-mikrotik/internal/mikrotik/provider.go:120.94,124.28 3 460
github.com/mirceanton/external-dns-provider-mikrotik/internal/mikrotik/provider.go:124.28,127.3 2 349
github.com/mirceanton/external-dns-provider-mikrotik/internal/mikrotik/provider.go:129.2,129.34 1 111
github.com/mirceanton/external-dns-provider-mikrotik/internal/mikrotik/provider.go:129.34,132.3 2 1
github.com/mirceanton/external-dns-provider-mikrotik/internal/mikrotik/provider.go:134.2,136.66 3 110
github.com/mirceanton/external-dns-provider-mikrotik/internal/mikrotik/provider.go:136.66,139.3 2 8
github.com/mirceanton/external-dns-provider-mikrotik/internal/mikrotik/provider.go:141.2,145.68 5 102
github.com/mirceanton/external-dns-provider-mikrotik/internal/mikrotik/provider.go:145.68,148.3 2 12
github.com/mirceanton/external-dns-provider-mikrotik/internal/mikrotik/provider.go:150.2,152.40 3 90
github.com/mirceanton/external-dns-provider-mikrotik/internal/mikrotik/provider.go:152.40,155.3 2 5
github.com/mirceanton/external-dns-provider-mikrotik/internal/mikrotik/provider.go:157.2,159.28 3 85
github.com/mirceanton/external-dns-provider-mikrotik/internal/mikrotik/provider.go:159.28,162.3 2 3
github.com/mirceanton/external-dns-provider-mikrotik/internal/mikrotik/provider.go:164.2,166.34 3 82
github.com/mirceanton/external-dns-provider-mikrotik/internal/mikrotik/provider.go:166.34,169.3 2 1
github.com/mirceanton/external-dns-provider-mikrotik/internal/mikrotik/provider.go:171.2,173.24 3 81
github.com/mirceanton/external-dns-provider-mikrotik/internal/mikrotik/provider.go:173.24,176.3 2 1
github.com/mirceanton/external-dns-provider-mikrotik/internal/mikrotik/provider.go:178.2,179.13 2 80
github.com/mirceanton/external-dns-provider-mikrotik/internal/mikrotik/provider.go:182.104,183.29 1 55
github.com/mirceanton/external-dns-provider-mikrotik/internal/mikrotik/provider.go:183.29,184.36 1 167
github.com/mirceanton/external-dns-provider-mikrotik/internal/mikrotik/provider.go:184.36,186.4 1 23
github.com/mirceanton/external-dns-provider-mikrotik/internal/mikrotik/provider.go:188.2,188.14 1 32
github.com/mirceanton/external-dns-provider-mikrotik/internal/mikrotik/provider.go:193.73,208.40 4 7
github.com/mirceanton/external-dns-provider-mikrotik/internal/mikrotik/provider.go:208.40,210.39 1 7
github.com/mirceanton/external-dns-provider-mikrotik/internal/mikrotik/provider.go:210.39,213.4 2 1
github.com/mirceanton/external-dns-provider-mikrotik/internal/mikrotik/provider.go:216.3,216.36 1 7
github.com/mirceanton/external-dns-provider-mikrotik/internal/mikrotik/provider.go:216.36,217.67 1 7
github.com/mirceanton/external-dns-provider-mikrotik/internal/mikrotik/provider.go:217.67,220.5 2 5
github.com/mirceanton/external-dns-provider-mikrotik/internal/mikrotik/provider.go:223.3,223.56 1 7
github.com/mirceanton/external-dns-provider-mikrotik/internal/mikrotik/provider.go:227.2,228.40 2 7
github.com/mirceanton/external-dns-provider-mikrotik/internal/mikrotik/provider.go:228.40,229.41 1 26
github.com/mirceanton/external-dns-provider-mikrotik/internal/mikrotik/provider.go:229.41,230.36 1 230
github.com/mirceanton/external-dns-provider-mikrotik/internal/mikrotik/provider.go:230.36,233.5 2 11
github.com/mirceanton/external-dns-provider-mikrotik/internal/mikrotik/provider.go:238.2,238.40 1 7
github.com/mirceanton/external-dns-provider-mikrotik/internal/mikrotik/provider.go:238.40,239.39 1 26
github.com/mirceanton/external-dns-provider-mikrotik/internal/mikrotik/provider.go:239.39,242.4 2 15
github.com/mirceanton/external-dns-provider-mikrotik/internal/mikrotik/provider.go:246.2,246.40 1 7
github.com/mirceanton/external-dns-provider-mikrotik/internal/mikrotik/provider.go:246.40,247.39 1 26
github.com/mirceanton/external-dns-provider-mikrotik/internal/mikrotik/provider.go:247.39,251.37 2 15
github.com/mirceanton/external-dns-provider-mikrotik/internal/mikrotik/provider.go:251.37,254.5 2 4
github.com/mirceanton/external-dns-provider-mikrotik/internal/mikrotik/provider.go:257.4,257.37 1 15
github.com/mirceanton/external-dns-provider-mikrotik/internal/mikrotik/provider.go:257.37,258.65 1 15
github.com/mirceanton/external-dns-provider-mikrotik/internal/mikrotik/provider.go:258.65,261.6 2 9
github.com/mirceanton/external-dns-provider-mikrotik/internal/mikrotik/provider.go:264.4,264.60 1 15
github.com/mirceanton/external-dns-provider-mikrotik/internal/mikrotik/provider.go:268.2,270.19 3 7
github.com/mirceanton/external-dns-provider-mikrotik/internal/mikrotik/record.go:46.68,50.28 2 56
github.com/mirceanton/external-dns-provider-mikrotik/internal/mikrotik/record.go:50.28,52.3 1 2
github.com/mirceanton/external-dns-provider-mikrotik/internal/mikrotik/record.go:53.2,53.31 1 54
github.com/mirceanton/external-dns-provider-mikrotik/internal/mikrotik/record.go:53.31,55.3 1 1
github.com/mirceanton/external-dns-provider-mikrotik/internal/mikrotik/record.go:56.2,56.61 1 53
github.com/mirceanton/external-dns-provider-mikrotik/internal/mikrotik/record.go:56.61,58.3 1 9
github.com/mirceanton/external-dns-provider-mikrotik/internal/mikrotik/record.go:61.2,62.16 2 44
github.com/mirceanton/external-dns-provider-mikrotik/internal/mikrotik/record.go:62.16,64.3 1 1
github.com/mirceanton/external-dns-provider-mikrotik/internal/mikrotik/record.go:67.2,73.21 5 43
github.com/mirceanton/external-dns-provider-mikrotik/internal/mikrotik/record.go:74.11,75.59 1 12
github.com/mirceanton/external-dns-provider-mikrotik/internal/mikrotik/record.go:75.59,77.4 1 3
github.com/mirceanton/external-dns-provider-mikrotik/internal/mikrotik/record.go:78.3,79.51 2 9
github.com/mirceanton/external-dns-provider-mikrotik/internal/mikrotik/record.go:81.14,82.59 1 6
github.com/mirceanton/external-dns-provider-mikrotik/internal/mikrotik/record.go:82.59,84.4 1 3
github.com/mirceanton/external-dns-provider-mikrotik/internal/mikrotik/record.go:85.3,86.51 2 3
github.com/mirceanton/external-dns-provider-mikrotik/internal/mikrotik/record.go:88.15,89.61 1 4
github.com/mirceanton/external-dns-provider-mikrotik/internal/mikrotik/record.go:89.61,91.4 1 1
github.com/mirceanton/external-dns-provider-mikrotik/internal/mikrotik/record.go:92.3,93.49 2 3
github.com/mirceanton/external-dns-provider-mikrotik/internal/mikrotik/record.go:95.13,96.58 1 3
github.com/mirceanton/external-dns-provider-mikrotik/internal/mikrotik/record.go:96.58,98.4 1 0
github.com/mirceanton/external-dns-provider-mikrotik/internal/mikrotik/record.go:99.3,100.45 2 3
github.com/mirceanton/external-dns-provider-mikrotik/internal/mikrotik/record.go:102.12,104.17 2 6
github.com/mirceanton/external-dns-provider-mikrotik/internal/mikrotik/record.go:104.17,106.4 1 5
github.com/mirceanton/external-dns-provider-mikrotik/internal/mikrotik/record.go:107.3,110.58 4 1
github.com/mirceanton/external-dns-provider-mikrotik/internal/mikrotik/record.go:112.13,114.17 2 8
github.com/mirceanton/external-dns-provider-mikrotik/internal/mikrotik/record.go:114.17,116.4 1 5
github.com/mirceanton/external-dns-provider-mikrotik/internal/mikrotik/record.go:117.3,124.56 8 3
github.com/mirceanton/external-dns-provider-mikrotik/internal/mikrotik/record.go:126.12,127.61 1 2
github.com/mirceanton/external-dns-provider-mikrotik/internal/mikrotik/record.go:127.61,129.4 1 1
github.com/mirceanton/external-dns-provider-mikrotik/internal/mikrotik/record.go:130.3,131.41 2 1
github.com/mirceanton/external-dns-provider-mikrotik/internal/mikrotik/record.go:133.10,134.74 1 2
github.com/mirceanton/external-dns-provider-mikrotik/internal/mikrotik/record.go:137.2,137.61 1 23
github.com/mirceanton/external-dns-provider-mikrotik/internal/mikrotik/record.go:137.61,138.32 1 10
github.com/mirceanton/external-dns-provider-mikrotik/internal/mikrotik/record.go:139.37,141.52 2 1
github.com/mirceanton/external-dns-provider-mikrotik/internal/mikrotik/record.go:142.39,144.53 2 2
github.com/mirceanton/external-dns-provider-mikrotik/internal/mikrotik/record.go:145.35,147.50 2 2
github.com/mirceanton/external-dns-provider-mikrotik/internal/mikrotik/record.go:148.53,150.66 2 2
github.com/mirceanton/external-dns-provider-mikrotik/internal/mikrotik/record.go:151.47,153.60 2 2
github.com/mirceanton/external-dns-provider-mikrotik/internal/mikrotik/record.go:154.11,155.164 1 1
github.com/mirceanton/external-dns-provider-mikrotik/internal/mikrotik/record.go:159.2,160.20 2 23
github.com/mirceanton/external-dns-provider-mikrotik/internal/mikrotik/record.go:164.73,170.36 2 41
github.com/mirceanton/external-dns-provider-mikrotik/internal/mikrotik/record.go:170.36,172.3 1 1
github.com/mirceanton/external-dns-provider-mikrotik/internal/mikrotik/record.go:173.2,173.36 1 40
github.com/mirceanton/external-dns-provider-mikrotik/internal/mikrotik/record.go:173.36,175.3 1 1
github.com/mirceanton/external-dns-provider-mikrotik/internal/mikrotik/record.go:178.2,178.18 1 39
github.com/mirceanton/external-dns-provider-mikrotik/internal/mikrotik/record.go:178.18,181.3 2 1
github.com/mirceanton/external-dns-provider-mikrotik/internal/mikrotik/record.go:183.2,184.16 2 39
github.com/mirceanton/external-dns-provider-mikrotik/internal/mikrotik/record.go:184.16,186.3 1 1
github.com/mirceanton/external-dns-provider-mikrotik/internal/mikrotik/record.go:189.2,198.23 2 38
github.com/mirceanton/external-dns-provider-mikrotik/internal/mikrotik/record.go:199.11,200.49 1 8
github.com/mirceanton/external-dns-provider-mikrotik/internal/mikrotik/record.go:200.49,202.4 1 4
github.com/mirceanton/external-dns-provider-mikrotik/internal/mikrotik/record.go:203.3,204.46 2 4
github.com/mirceanton/external-dns-provider-mikrotik/internal/mikrotik/record.go:206.14,207.49 1 4
github.com/mirceanton/external-dns-provider-mikrotik/internal/mikrotik/record.go:207.49,209.4 1 3
github.com/mirceanton/external-dns-provider-mikrotik/internal/mikrotik/record.go:210.3,211.46 2 1
github.com/mirceanton/external-dns-provider-mikrotik/internal/mikrotik/record.go:213.15,214.49 1 3
github.com/mirceanton/external-dns-provider-mikrotik/internal/mikrotik/record.go:214.49,216.4 1 2
github.com/mirceanton/external-dns-provider-mikrotik/internal/mikrotik/record.go:217.3,218.42 2 1
github.com/mirceanton/external-dns-provider-mikrotik/internal/mikrotik/record.go:220.13,221.45 1 3
github.com/mirceanton/external-dns-provider-mikrotik/internal/mikrotik/record.go:221.45,223.4 1 1
github.com/mirceanton/external-dns-provider-mikrotik/internal/mikrotik/record.go:224.3,225.40 2 2
github.com/mirceanton/external-dns-provider-mikrotik/internal/mikrotik/record.go:227.12,228.54 1 8
github.com/mirceanton/external-dns-provider-mikrotik/internal/mikrotik/record.go:228.54,230.4 1 3
github.com/mirceanton/external-dns-provider-mikrotik/internal/mikrotik/record.go:231.3,231.65 1 5
github.com/mirceanton/external-dns-provider-mikrotik/internal/mikrotik/record.go:231.65,233.4 1 4
github.com/mirceanton/external-dns-provider-mikrotik/internal/mikrotik/record.go:234.3,236.53 3 1
github.com/mirceanton/external-dns-provider-mikrotik/internal/mikrotik/record.go:238.13,239.60 1 8
github.com/mirceanton/external-dns-provider-mikrotik/internal/mikrotik/record.go:239.60,241.4 1 1
github.com/mirceanton/external-dns-provider-mikrotik/internal/mikrotik/record.go:242.3,242.64 1 7
github.com/mirceanton/external-dns-provider-mikrotik/internal/mikrotik/record.go:242.64,244.4 1 1
github.com/mirceanton/external-dns-provider-mikrotik/internal/mikrotik/record.go:245.3,245.62 1 6
github.com/mirceanton/external-dns-provider-mikrotik/internal/mikrotik/record.go:245.62,247.4 1 1
github.com/mirceanton/external-dns-provider-mikrotik/internal/mikrotik/record.go:248.3,248.53 1 5
github.com/mirceanton/external-dns-provider-mikrotik/internal/mikrotik/record.go:248.53,250.4 1 2
github.com/mirceanton/external-dns-provider-mikrotik/internal/mikrotik/record.go:252.3,256.51 5 3
github.com/mirceanton/external-dns-provider-mikrotik/internal/mikrotik/record.go:258.12,259.46 1 3
github.com/mirceanton/external-dns-provider-mikrotik/internal/mikrotik/record.go:259.46,261.4 1 2
github.com/mirceanton/external-dns-provider-mikrotik/internal/mikrotik/record.go:262.3,263.36 2 1
github.com/mirceanton/external-dns-provider-mikrotik/internal/mikrotik/record.go:265.10,266.68 1 1
github.com/mirceanton/external-dns-provider-mikrotik/internal/mikrotik/record.go:270.2,270.49 1 13
github.com/mirceanton/external-dns-provider-mikrotik/internal/mikrotik/record.go:270.49,272.3 1 0
github.com/mirceanton/external-dns-provider-mikrotik/internal/mikrotik/record.go:277.2,277.21 1 13
github.com/mirceanton/external-dns-provider-mikrotik/internal/mikrotik/record.go:277.21,282.3 1 1
github.com/mirceanton/external-dns-provider-mikrotik/internal/mikrotik/record.go:283.2,283.22 1 13
github.com/mirceanton/external-dns-provider-mikrotik/internal/mikrotik/record.go:283.22,288.3 1 1
github.com/mirceanton/external-dns-provider-mikrotik/internal/mikrotik/record.go:289.2,289.20 1 13
github.com/mirceanton/external-dns-provider-mikrotik/internal/mikrotik/record.go:289.20,294.3 1 1
github.com/mirceanton/external-dns-provider-mikrotik/internal/mikrotik/record.go:295.2,295.28 1 13
github.com/mirceanton/external-dns-provider-mikrotik/internal/mikrotik/record.go:295.28,300.3 1 1
github.com/mirceanton/external-dns-provider-mikrotik/internal/mikrotik/record.go:301.2,301.25 1 13
github.com/mirceanton/external-dns-provider-mikrotik/internal/mikrotik/record.go:301.25,306.3 1 1
github.com/mirceanton/external-dns-provider-mikrotik/internal/mikrotik/record.go:308.2,309.17 2 13
github.com/mirceanton/external-dns-provider-mikrotik/internal/mikrotik/record.go:316.65,319.15 2 51
github.com/mirceanton/external-dns-provider-mikrotik/internal/mikrotik/record.go:319.15,322.3 2 2
github.com/mirceanton/external-dns-provider-mikrotik/internal/mikrotik/record.go:325.2,336.20 4 51
github.com/mirceanton/external-dns-provider-mikrotik/internal/mikrotik/record.go:336.20,338.3 1 3
github.com/mirceanton/external-dns-provider-mikrotik/internal/mikrotik/record.go:341.2,342.32 2 48
github.com/mirceanton/external-dns-provider-mikrotik/internal/mikrotik/record.go:342.32,344.3 1 54
github.com/mirceanton/external-dns-provider-mikrotik/internal/mikrotik/record.go:347.2,348.35 2 48
github.com/mirceanton/external-dns-provider-mikrotik/internal/mikrotik/record.go:348.35,350.3 1 1
github.com/mirceanton/external-dns-provider-mikrotik/internal/mikrotik/record.go:352.2,354.32 2 47
github.com/mirceanton/external-dns-provider-mikrotik/internal/mikrotik/record.go:354.32,359.10 4 52
github.com/mirceanton/external-dns-provider-mikrotik/internal/mikrotik/record.go:359.10,361.4 1 0
github.com/mirceanton/external-dns-provider-mikrotik/internal/mikrotik/record.go:363.3,364.17 2 52
github.com/mirceanton/external-dns-provider-mikrotik/internal/mikrotik/record.go:364.17,366.4 1 0
github.com/mirceanton/external-dns-provider-mikrotik/internal/mikrotik/record.go:368.3,368.16 1 52
github.com/mirceanton/external-dns-provider-mikrotik/internal/mikrotik/record.go:368.16,370.4 1 1
github.com/mirceanton/external-dns-provider-mikrotik/internal/mikrotik/record.go:372.3,372.37 1 51
github.com/mirceanton/external-dns-provider-mikrotik/internal/mikrotik/record.go:375.2,379.46 4 46
github.com/mirceanton/external-dns-provider-mikrotik/internal/mikrotik/record.go:384.65,387.13 2 51
github.com/mirceanton/external-dns-provider-mikrotik/internal/mikrotik/record.go:387.13,389.3 1 2
github.com/mirceanton/external-dns-provider-mikrotik/internal/mikrotik/record.go:391.2,403.14 9 49
github.com/mirceanton/external-dns-provider-mikrotik/internal/mikrotik/record.go:403.14,405.3 1 3
github.com/mirceanton/external-dns-provider-mikrotik/internal/mikrotik/record.go:406.2,406.15 1 49
github.com/mirceanton/external-dns-provider-mikrotik/internal/mikrotik/record.go:406.15,408.3 1 26
github.com/mirceanton/external-dns-provider-mikrotik/internal/mikrotik/record.go:409.2,409.17 1 49
github.com/mirceanton/external-dns-provider-mikrotik/internal/mikrotik/record.go:409.17,411.3 1 13
github.com/mirceanton/external-dns-provider-mikrotik/internal/mikrotik/record.go:412.2,412.36 1 49
github.com/mirceanton/external-dns-provider-mikrotik/internal/mikrotik/record.go:412.36,414.3 1 13
github.com/mirceanton/external-dns-provider-mikrotik/internal/mikrotik/record.go:416.2,418.25 3 49
github.com/mirceanton/external-dns-provider-mikrotik/internal/mikrotik/record.go:422.41,423.33 1 24
github.com/mirceanton/external-dns-provider-mikrotik/internal/mikrotik/record.go:423.33,425.3 1 7
github.com/mirceanton/external-dns-provider-mikrotik/internal/mikrotik/record.go:427.2,427.36 1 17
github.com/mirceanton/external-dns-provider-mikrotik/internal/mikrotik/record.go:427.36,429.3 1 3
github.com/mirceanton/external-dns-provider-mikrotik/internal/mikrotik/record.go:431.2,431.12 1 14
github.com/mirceanton/external-dns-provider-mikrotik/internal/mikrotik/record.go:435.41,436.33 1 14
github.com/mirceanton/external-dns-provider-mikrotik/internal/mikrotik/record.go:436.33,438.3 1 6
github.com/mirceanton/external-dns-provider-mikrotik/internal/mikrotik/record.go:440.2,440.37 1 8
github.com/mirceanton/external-dns-provider-mikrotik/internal/mikrotik/record.go:440.37,442.3 1 3
github.com/mirceanton/external-dns-provider-mikrotik/internal/mikrotik/record.go:444.2,444.12 1 5
github.com/mirceanton/external-dns-provider-mikrotik/internal/mikrotik/record.go:448.37,449.16 1 9
github.com/mirceanton/external-dns-provider-mikrotik/internal/mikrotik/record.go:449.16,451.3 1 2
github.com/mirceanton/external-dns-provider-mikrotik/internal/mikrotik/record.go:453.2,453.12 1 7
github.com/mirceanton/external-dns-provider-mikrotik/internal/mikrotik/record.go:457.42,458.18 1 37
github.com/mirceanton/external-dns-provider-mikrotik/internal/mikrotik/record.go:458.18,460.3 1 6
github.com/mirceanton/external-dns-provider-mikrotik/internal/mikrotik/record.go:462.2,462.23 1 31
github.com/mirceanton/external-dns-provider-mikrotik/internal/mikrotik/record.go:462.23,464.3 1 1
github.com/mirceanton/external-dns-provider-mikrotik/internal/mikrotik/record.go:466.2,468.28 3 30
github.com/mirceanton/external-dns-provider-mikrotik/internal/mikrotik/record.go:468.28,470.3 1 11
github.com/mirceanton/external-dns-provider-mikrotik/internal/mikrotik/record.go:472.2,472.12 1 19
github.com/mirceanton/external-dns-provider-mikrotik/internal/mikrotik/record.go:476.50,477.17 1 55
github.com/mirceanton/external-dns-provider-mikrotik/internal/mikrotik/record.go:477.17,479.3 1 3
github.com/mirceanton/external-dns-provider-mikrotik/internal/mikrotik/record.go:480.2,481.16 2 52
github.com/mirceanton/external-dns-provider-mikrotik/internal/mikrotik/record.go:481.16,483.3 1 2
github.com/mirceanton/external-dns-provider-mikrotik/internal/mikrotik/record.go:485.2,485.34 1 50
github.com/mirceanton/external-dns-provider-mikrotik/internal/mikrotik/record.go:485.34,487.3 1 12
github.com/mirceanton/external-dns-provider-mikrotik/internal/mikrotik/record.go:488.2,488.12 1 38
github.com/mirceanton/external-dns-provider-mikrotik/internal/mikrotik/record.go:492.51,494.26 2 6
github.com/mirceanton/external-dns-provider-mikrotik/internal/mikrotik/record.go:494.26,496.3 1 0
github.com/mirceanton/external-dns-provider-mikrotik/internal/mikrotik/record.go:499.2,500.60 2 6
github.com/mirceanton/external-dns-provider-mikrotik/internal/mikrotik/record.go:500.60,502.3 1 3
github.com/mirceanton/external-dns-provider-mikrotik/internal/mikrotik/record.go:505.2,506.49 2 3
github.com/mirceanton/external-dns-provider-mikrotik/internal/mikrotik/record.go:506.49,508.3 1 2
github.com/mirceanton/external-dns-provider-mikrotik/internal/mikrotik/record.go:510.2,510.34 1 1
github.com/mirceanton/external-dns-provider-mikrotik/internal/mikrotik/record.go:513.68,515.26 2 8
github.com/mirceanton/external-dns-provider-mikrotik/internal/mikrotik/record.go:515.26,517.3 1 1
github.com/mirceanton/external-dns-provider-mikrotik/internal/mikrotik/record.go:520.2,521.58 2 7
github.com/mirceanton/external-dns-provider-mikrotik/internal/mikrotik/record.go:521.58,523.3 1 1
github.com/mirceanton/external-dns-provider-mikrotik/internal/mikrotik/record.go:526.2,527.56 2 6
github.com/mirceanton/external-dns-provider-mikrotik/internal/mikrotik/record.go:527.56,529.3 1 1
github.com/mirceanton/external-dns-provider-mikrotik/internal/mikrotik/record.go:532.2,533.54 2 5
github.com/mirceanton/external-dns-provider-mikrotik/internal/mikrotik/record.go:533.54,535.3 1 1
github.com/mirceanton/external-dns-provider-mikrotik/internal/mikrotik/record.go:538.2,539.47 2 4
github.com/mirceanton/external-dns-provider-mikrotik/internal/mikrotik/record.go:539.47,541.3 1 1
github.com/mirceanton/external-dns-provider-mikrotik/internal/mikrotik/record.go:543.2,543.44 1 3
